
 *************************************************************************************

                    CAP (COEFFICIENTS AND PROPERTIES) PROGRAM
                            NASA GLENN RESEARCH CENTER

    CALCULATES THERMODYNAMIC FUNCTIONS FROM COEFFICIENTS IN THE NASA GLENN FORMAT

 *************************************************************************************


  KEYWORDS:  mfig   LOGK   joul   cal                             


  TEMPERATURE SCHEDULE

     200.000     298.150     400.000     600.000     800.000    1000.000
    1200.000    1400.000    1600.000    1800.000    2000.000    2200.000
    2400.000    2600.000    2800.000    3000.000


                                   ***** NOTE *****

   The temperature range of the coefficients read in the standard input (I/O unit 5)
   will be extended by 20 %.  E.g. a range of 300 to 5000 K will be extended to 240
   to 6000 K. The extrapolated data may have large errors. The element data cap.elms
   (I/O unit 13) will NOT be extrapolated when calculating delta H and log K.






                      COEFFICIENTS FOR FITTED THERMODYNAMIC FUNCTIONS


      CO2               Gurvich,1991 pt1 p27 pt2 p24.                                 
       3 g 9/99 C   1.00O   2.00    0.00    0.00    0.00 0     44.00950    -393510.000
          200.000  1000.000 7 -2.0 -1.0  0.0  1.0  2.0  3.0  4.0  0.0         9365.469
       4.943650540D+04-6.264116010D+02 5.301725240D+00 2.503813816D-03-2.127308728D-07
      -7.689988780D-10 2.849677801D-13 0.000000000D+00-4.528198460D+04-7.048279440D+00
         1000.000  6000.000 7 -2.0 -1.0  0.0  1.0  2.0  3.0  4.0  0.0         9365.469
       1.176962419D+05-1.788791477D+03 8.291523190D+00-9.223156780D-05 4.863676880D-09
      -1.891053312D-12 6.330036590D-16 0.000000000D+00-3.908350590D+04-2.652669281D+01
         6000.000 20000.000 7 -2.0 -1.0  0.0  1.0  2.0  3.0  4.0  0.0         9365.469
      -1.544423287D+09 1.016847056D+06-2.561405230D+02 3.369401080D-02-2.181184337D-06
       6.991420840D-11-8.842351500D-16 0.000000000D+00-8.043214510D+06 2.254177493D+03




   THERMODYNAMIC FUNCTIONS CALCULATED FROM COEFFICIENTS FOR CO2         



     Assigned H(T) at    0.00 K = -402875.469 J/mol

       T           Cp          H-H0         S         -(G-H0)          H            -G
      deg K     J/mol-K       J/mol      J/mol-K       J/mol         J/mol         J/mol

     200.00    32.36121     5952.985   199.969092    34040.834   -396922.484    436916.303
     298.15    37.13539     9365.469   213.787401    54375.245   -393510.000    457250.714
     400.00    41.32513    13369.113   225.308960    76754.471   -389506.356    479629.940
     600.00    47.32256    22274.047   243.280095   123694.010   -380601.422    526569.479
     800.00    51.43234    32174.089   257.492084   173819.578   -370701.380    576695.047
    1000.00    54.30873    42765.282   269.296933   226531.651   -360110.187    629407.120
    1200.00    56.34717    53843.166   279.389980   281424.810   -349032.303    684300.279
    1400.00    57.79844    65265.388   288.190825   338201.768   -337610.081    741077.237
    1600.00    58.87327    76937.632   295.982285   396634.024   -325937.837    799509.493
    1800.00    59.69348    88797.819   302.965982   456540.948   -314077.650    859416.417
    2000.00    60.33460   100803.139   309.289822   517776.506   -302072.330    920651.975
    2200.00    60.84622   112923.058   315.065194   580220.368   -289952.411    983095.837
    2400.00    61.26252   125135.294   320.377948   643771.782   -277740.175   1046647.251
    2600.00    61.60805   137423.362   325.295615   708345.237   -265452.107   1111220.706
    2800.00    61.90119   149775.030   329.872266   773867.316   -253100.439   1176742.785
    3000.00    62.15620   162181.302   334.151887   840274.359   -240694.167   1243149.828










   THERMODYNAMIC FUNCTIONS CALCULATED FROM COEFFICIENTS FOR CO2         



    Assigned H(T) at    0.00 K =  -96289.548 cal/mol

       T           Cp          H-H0         S         -(G-H0)          H            -G
      deg-K    cal/mol-K     cal/mol    cal/mol-K      cal/mol      cal/mol       cal/mol

     200.00     7.73452     1422.797    47.793760     8135.955    -94866.751    104425.503
     298.15     8.87557     2238.401    51.096415    12995.995    -94051.147    109285.543
     400.00     9.87694     3195.295    53.850134    18344.759    -93094.253    114634.307
     600.00    11.31036     5323.625    58.145338    29563.578    -90965.923    125853.126
     800.00    12.29263     7689.792    61.542085    41543.876    -88599.756    137833.424
    1000.00    12.98010    10221.148    64.363512    54142.364    -86068.400    150431.912
    1200.00    13.46730    12868.826    66.775808    67262.144    -83420.723    163551.692
    1400.00    13.81416    15598.802    68.879260    80832.162    -80690.746    177121.711
    1600.00    14.07105    18388.535    70.741464    94797.807    -77901.013    191087.355
    1800.00    14.26708    21223.188    72.410607   109115.905    -75066.360    205405.453
    2000.00    14.42031    24092.528    73.922042   123751.555    -72197.020    220041.103
    2200.00    14.54260    26989.259    75.302389   138675.996    -69300.289    234965.544
    2400.00    14.64209    29908.053    76.572167   153865.149    -66381.495    250154.697
    2600.00    14.72468    32844.972    77.747518   169298.575    -63444.576    265588.123
    2800.00    14.79474    35797.091    78.841364   184958.728    -60492.457    281248.276
    3000.00    14.85569    38762.262    79.864218   200830.392    -57527.286    297119.940










   THERMODYNAMIC FUNCTIONS CALCULATED FROM COEFFICIENTS FOR CO2         


      T         Cp        H-H298        S      -(G-H298)/T      H        delta Hf     log K
    deg-K    J/mol-K      kJ/mol     J/mol-K     J/mol-K     kJ/mol      kJ/mol

      0        0.         -9.365       0.        INFINITE   -402.875    -393.142    INFINITE
     200      32.361      -3.412     199.969     217.032    -396.922    -393.389    102.9182
     298.15   37.135       0.000     213.787     213.787    -393.510    -393.510     69.0913
     400      41.325       4.004     225.309     215.300    -389.506    -393.572     51.5362
     600      47.323      12.909     243.280     221.766    -380.601    -393.790     34.4015
     800      51.432      22.809     257.492     228.981    -370.701    -394.176     25.8275
    1000      54.309      33.400     269.297     235.897    -360.110    -394.613     20.6776

    1200      56.347      44.478     279.390     242.325    -349.032    -395.043     17.2405
    1400      57.798      55.900     288.191     248.262    -337.610    -395.459     14.7828
    1600      58.873      67.572     295.982     253.750    -325.938    -395.875     12.9376
    1800      59.693      79.432     302.966     258.837    -314.078    -396.314     11.5009
    2000      60.335      91.438     309.290     263.571    -302.072    -396.795     10.3501

    2200      60.846     103.558     315.065     267.994    -289.952    -397.334      9.4075
    2400      61.263     115.770     320.378     272.141    -277.740    -397.941      8.6207
    2600      61.608     128.058     325.296     276.043    -265.452    -398.624      7.9540
    2800      61.901     140.410     329.872     279.726    -253.100    -399.387      7.3814
    3000      62.156     152.816     334.152     283.213    -240.694    -400.232      6.8842











   THERMODYNAMIC FUNCTIONS CALCULATED FROM COEFFICIENTS FOR CO2         


      T         Cp        H-H298        S      -(G-H298)/T      H        delta Hf     log K
    deg-K   cal/mol-K    kcal/mol   cal/mol-K   cal/mol-K    kcal/mol    kcal/mol

      0        0.         -2.238       0.        INFINITE    -96.290    -781.258    INFINITE
     200       7.735      -0.816      47.794      51.872     -94.867     -94.022    102.9182
     298.15    8.876       0.000      51.096      51.096     -94.051     -94.051     69.0913
     400       9.877       0.957      53.850      51.458     -93.094     -94.066     51.5362
     600      11.310       3.085      58.145      53.003     -90.966     -94.118     34.4015
     800      12.293       5.451      61.542      54.728     -88.600     -94.210     25.8275
    1000      12.980       7.983      64.364      56.381     -86.068     -94.315     20.6776

    1200      13.467      10.630      66.776      57.917     -83.421     -94.418     17.2405
    1400      13.814      13.360      68.879      59.336     -80.691     -94.517     14.7828
    1600      14.071      16.150      70.741      60.648     -77.901     -94.616     12.9376
    1800      14.267      18.985      72.411      61.864     -75.066     -94.721     11.5009
    2000      14.420      21.854      73.922      62.995     -72.197     -94.836     10.3501

    2200      14.543      24.751      75.302      64.052     -69.300     -94.965      9.4075
    2400      14.642      27.670      76.572      65.043     -66.381     -95.110      8.6207
    2600      14.725      30.607      77.748      65.976     -63.445     -95.273      7.9540
    2800      14.795      33.559      78.841      66.856     -60.492     -95.456      7.3814
    3000      14.856      36.524      79.864      67.690     -57.527     -95.658      6.8842









                      COEFFICIENTS FOR FITTED THERMODYNAMIC FUNCTIONS


      ZrO2(III)         Monoclinic. Gurvich,1982 pt1 p123 pt2 p122.                   
       2 tpis82 ZR  1.00O   2.00    0.00    0.00    0.00 1    123.22280   -1100300.000
          200.000   500.000 7 -2.0 -1.0  0.0  1.0  2.0  3.0  4.0  0.0         8751.000
      -4.214621830D+06 7.918732350D+04-6.071267910D+02 2.463358622D+00-5.388665930D-03
       6.144154000D-06-2.860860736D-09 0.000000000D+00-4.893051030D+05 3.163542730D+03
          500.000  1445.000 7 -2.0 -1.0  0.0  1.0  2.0  3.0  4.0  0.0         8751.000
      -1.616911113D+05 0.000000000D+00 8.218464380D+00 1.091902502D-03 0.000000000D+00
       0.000000000D+00 0.000000000D+00 0.000000000D+00-1.353760676D+05-4.200007680D+01


      ZrO2(II)          Tetragonal. Gurvich,1982 pt1 p123 pt2 p122.                   
       1 tpis82 ZR  1.00O   2.00    0.00    0.00    0.00 2    123.22280   -1100300.000
         1445.000  2620.000 7 -2.0 -1.0  0.0  1.0  2.0  3.0  4.0  0.0         8751.000
       0.000000000D+00 0.000000000D+00 9.393217399D+00 0.000000000D+00 0.000000000D+00
       0.000000000D+00 0.000000000D+00 0.000000000D+00-1.348114469D+05-4.823174581D+01


      ZrO2(I)           Cubic. Gurvich,1982 pt1 p123 pt2 p122.                        
       1 tpis82 ZR  1.00O   2.00    0.00    0.00    0.00 3    123.22280   -1100300.000
         2620.000  2983.000 7 -2.0 -1.0  0.0  1.0  2.0  3.0  4.0  0.0         8751.000
       0.000000000D+00 0.000000000D+00 9.621733572D+00 0.000000000D+00 0.000000000D+00
       0.000000000D+00 0.000000000D+00 0.000000000D+00-1.338466275D+05-4.943361269D+01


      ZrO2(L)           Liquid. Gurvich,1982 pt1 p123 pt2 p122.                       
       1 tpis82 ZR  1.00O   2.00    0.00    0.00    0.00 4    123.22280   -1100300.000
         2983.000  6000.000 7 -2.0 -1.0  0.0  1.0  2.0  3.0  4.0  0.0         8751.000
       0.000000000D+00 0.000000000D+00 1.202716696D+01 0.000000000D+00 0.000000000D+00
       0.000000000D+00 0.000000000D+00 0.000000000D+00-1.301975851D+05-6.505001424D+01




   THERMODYNAMIC FUNCTIONS CALCULATED FROM COEFFICIENTS FOR ZrO2(III)   ZrO2(II)    ZrO2(I)     
                                                             ZrO2(L)     



     Assigned H(T) at    0.00 K =-1109051.000 J/mol

       T           Cp          H-H0         S         -(G-H0)          H            -G
      deg K     J/mol-K       J/mol      J/mol-K       J/mol         J/mol         J/mol

     200.00    42.78001     3837.960    30.571930     2276.426  -1105213.040   1111327.426
     298.15    55.91952     8750.998    50.389996     6272.780  -1100300.002   1115323.780
     400.00    63.56320    14884.786    68.032826    12328.345  -1094166.214   1121379.345
     600.00    70.04529    28339.626    95.222543    28793.899  -1080711.374   1137844.899
     800.00    73.49481    42716.977   115.879407    49986.549  -1066334.023   1159037.549
    1000.00    76.06676    57681.536   132.564984    74883.448  -1051369.464   1183934.448
    1200.00    78.29327    73121.273   146.633808   102839.297  -1035929.727   1211890.297
    1400.00    80.35668    88988.173   158.859192   133414.696  -1020062.827   1242465.696
    1445.00    80.80728    92614.377   161.408544   140620.969  -1016436.623   1249671.969
    1445.00    78.10000   101014.377   167.221692   140620.969  -1008036.623   1249671.969
    1600.00    78.10000   113119.877   175.179638   167167.544   -995931.123   1276218.544
    1800.00    78.10000   128739.877   184.378493   203141.411   -980311.123   1312192.411
    2000.00    78.10000   144359.877   192.607149   240854.422   -964691.123   1349905.422
    2200.00    78.10000   159979.877   200.050874   280132.047   -949071.123   1389183.047
    2400.00    78.10000   175599.877   206.846463   320831.634   -933451.123   1429882.634
    2600.00    78.10000   191219.877   213.097798   362834.399   -917831.123   1471885.399
    2800.00    80.00000   220181.877   223.973709   406944.507   -888869.123   1515995.507
    3000.00   100.00000   326521.877   259.777763   452811.411   -782529.123   1561862.411










   THERMODYNAMIC FUNCTIONS CALCULATED FROM COEFFICIENTS FOR ZrO2(III)   ZrO2(II)    ZrO2(I)     
                                                             ZrO2(L)     



    Assigned H(T) at    0.00 K = -265069.551 cal/mol

       T           Cp          H-H0         S         -(G-H0)          H            -G
      deg-K    cal/mol-K     cal/mol    cal/mol-K      cal/mol      cal/mol       cal/mol

     200.00    10.22467      917.295     7.306867      544.079   -264152.256    265613.629
     298.15    13.36509     2091.539    12.043498     1499.230   -262978.012    266568.781
     400.00    15.19197     3557.549    16.260236     2946.545   -261512.001    268016.096
     600.00    16.74123     6773.333    22.758734     6881.907   -258296.217    271951.458
     800.00    17.56568    10209.602    27.695843    11947.072   -254859.948    277016.623
    1000.00    18.18039    13786.218    31.683792    17897.574   -251283.333    282967.124
    1200.00    18.71254    17476.404    35.046321    24579.182   -247593.147    289648.732
    1400.00    19.20571    21268.684    37.968258    31886.878   -243800.867    296956.428
    1445.00    19.31340    22135.367    38.577568    33609.218   -242934.183    298678.769
    1445.00    18.66635    24143.015    39.966944    33609.218   -240926.535    298678.769
    1600.00    18.66635    27036.299    41.868938    39954.002   -238033.251    305023.553
    1800.00    18.66635    30769.569    44.067517    48551.962   -234299.982    313621.513
    2000.00    18.66635    34502.839    46.034213    57565.588   -230566.712    322635.139
    2200.00    18.66635    38236.108    47.813306    66953.166   -226833.442    332022.717
    2400.00    18.66635    41969.378    49.437491    76680.601   -223100.173    341750.152
    2600.00    18.66635    45702.647    50.931596    86719.503   -219366.903    351789.053
    2800.00    19.12046    52624.732    53.531001    97262.071   -212444.819    362331.622
    3000.00    23.90057    78040.601    62.088375   108224.525   -187028.949    373294.075










   THERMODYNAMIC FUNCTIONS CALCULATED FROM COEFFICIENTS FOR ZrO2(III)   ZrO2(II)    ZrO2(I)     
                                                            ZrO2(L)     


      T         Cp        H-H298        S      -(G-H298)/T      H        delta Hf     log K
    deg-K    J/mol-K      kJ/mol     J/mol-K     J/mol-K     kJ/mol      kJ/mol

      0        0.         -8.751       0.        INFINITE  -1109.051   -1094.874    INFINITE
     200      42.780      -4.913      30.572      55.137   -1105.213   -1099.926    277.2373
     298.15   55.920       0.000      50.390      50.390   -1100.300   -1100.300    182.6493
     400      63.563       6.134      68.033      52.698   -1094.166   -1099.799    133.5747
     600      70.045      19.589      95.223      62.575   -1080.711   -1097.879     85.7369
     800      73.495      33.966     115.879      73.422   -1066.334   -1095.710     61.8641
    1000      76.067      48.931     132.565      83.634   -1051.369   -1093.618     47.5688

 *  1200      78.293      64.370     146.634      92.992   -1035.930   -1095.416     38.0465
    1400      80.357      80.237     158.859     101.547   -1020.063   -1092.528     31.2434
    1445      80.807      83.863     161.409     103.372   -1016.437   -1091.864     29.9744
    1445      78.100      92.263     167.222     103.372   -1008.037   -1083.464     29.9744
    1600      78.100     104.369     175.180     109.949    -995.931   -1081.697     26.1834
    1800      78.100     119.989     184.378     117.718    -980.311   -1079.775     22.2632
    2000      78.100     135.609     192.607     124.803    -964.691   -1078.331     19.1320

 *  2200      78.100     151.229     200.051     131.310    -949.071   -1098.772     16.5552
    2400      78.100     166.849     206.846     137.326    -933.451   -1099.217     14.3808
    2600      78.100     182.469     213.098     142.917    -917.831   -1099.751     12.5402
    2800      80.000     211.431     223.974     148.463    -888.869   -1087.030     10.9785
    3000     100.000     317.771     259.778     153.854    -782.529    -997.014      9.6354



   *Assigned reference phase change at  1135.00 K, 2125.00 K,










   THERMODYNAMIC FUNCTIONS CALCULATED FROM COEFFICIENTS FOR ZrO2(III)   ZrO2(II)    ZrO2(I)     
                                                            ZrO2(L)     


      T         Cp        H-H298        S      -(G-H298)/T      H        delta Hf     log K
    deg-K   cal/mol-K    kcal/mol   cal/mol-K   cal/mol-K    kcal/mol    kcal/mol

      0        0.         -2.092       0.        INFINITE   -265.070   -2175.750    INFINITE
     200      10.225      -1.174       7.307      13.178    -264.152    -262.889    277.2373
     298.15   13.365       0.000      12.043      12.043    -262.978    -262.978    182.6493
     400      15.192       1.466      16.260      12.595    -261.512    -262.858    133.5747
     600      16.741       4.682      22.759      14.956    -258.296    -262.399     85.7369
     800      17.566       8.118      27.696      17.548    -254.860    -261.881     61.8641
    1000      18.180      11.695      31.684      19.989    -251.283    -261.381     47.5688

 *  1200      18.713      15.385      35.046      22.226    -247.593    -261.811     38.0465
    1400      19.206      19.177      37.968      24.270    -243.801    -261.121     31.2434
    1445      19.313      20.044      38.578      24.706    -242.934    -260.962     29.9744
    1445      18.666      22.051      39.967      24.706    -240.927    -258.954     29.9744
    1600      18.666      24.945      41.869      26.278    -238.033    -258.532     26.1834
    1800      18.666      28.678      44.068      28.135    -234.300    -258.072     22.2632
    2000      18.666      32.411      46.034      29.829    -230.567    -257.727     19.1320

 *  2200      18.666      36.145      47.813      31.384    -226.833    -262.613     16.5552
    2400      18.666      39.878      49.437      32.822    -223.100    -262.719     14.3808
    2600      18.666      43.611      50.932      34.158    -219.367    -262.847     12.5402
    2800      19.120      50.533      53.531      35.483    -212.445    -259.806     10.9785
    3000      23.901      75.949      62.088      36.772    -187.029    -238.292      9.6354



   *Assigned reference phase change at  1135.00 K, 2125.00 K,








                      COEFFICIENTS FOR FITTED THERMODYNAMIC FUNCTIONS


      Air               Mole%:N2 78.084,O2 20.9476,Ar .9365,CO2 .0319.Gordon,1982.Reac
       2 g 9/95 N   1.56O   0.42AR  0.01C   0.00    0.00 0     28.96512       -125.530
          200.000  1000.000 7 -2.0 -1.0  0.0  1.0  2.0  3.0  4.0  0.0         8649.264
       1.009950160D+04-1.968275610D+02 5.009155110D+00-5.761013730D-03 1.066859930D-05
      -7.940297970D-09 2.185231910D-12 0.000000000D+00-1.767967310D+02-3.921504225D+00
         1000.000  6000.000 7 -2.0 -1.0  0.0  1.0  2.0  3.0  4.0  0.0         8649.264
       2.415214430D+05-1.257874600D+03 5.144558670D+00-2.138541790D-04 7.065227840D-08
      -1.071483490D-11 6.577800150D-16 0.000000000D+00 6.462263190D+03-8.147411905D+00




   THERMODYNAMIC FUNCTIONS CALCULATED FROM COEFFICIENTS FOR Air         



     Assigned H(T) at    0.00 K =   -8774.794 J/mol

       T           Cp          H-H0         S         -(G-H0)          H            -G
      deg K     J/mol-K       J/mol      J/mol-K       J/mol         J/mol         J/mol

     200.00    29.03444     5797.160   187.220753    31646.991     -2977.634     40421.785
     298.15    29.10203     8649.264   198.822414    50629.638      -125.530     59404.432
     400.00    29.35472    11624.213   207.404237    71337.482      2849.419     80112.276
     600.00    30.44235    17593.558   219.491151   114101.132      8818.764    122875.926
     800.00    31.82489    23820.414   228.438346   158930.263     15045.620    167705.057
    1000.00    33.04973    30311.762   235.675777   205364.015     21536.968    214138.809
    1200.00    34.02311    37023.605   241.791650   253126.375     28248.811    261901.169
    1400.00    34.76721    43905.789   247.094644   302026.713     35130.995    310801.507
    1600.00    35.35211    50919.927   251.776813   351922.975     42145.133    360697.769
    1800.00    35.82452    58039.168   255.968897   402704.846     49264.374    411479.640
    2000.00    36.21558    65244.334   259.764235   454284.137     56469.540    463058.931
    2200.00    36.54638    72521.397   263.231876   506588.730     63746.603    515363.524
    2400.00    36.83148    79859.848   266.424340   559558.567     71085.054    568333.361
    2600.00    37.08115    87251.633   269.382499   613142.864     78476.839    621917.658
    2800.00    37.30276    94690.443   272.138773   667298.122     85915.649    676072.916
    3000.00    37.50169   102171.228   274.719298   721986.667     93396.434    730761.461










   THERMODYNAMIC FUNCTIONS CALCULATED FROM COEFFICIENTS FOR Air         



    Assigned H(T) at    0.00 K =   -2097.226 cal/mol

       T           Cp          H-H0         S         -(G-H0)          H            -G
      deg-K    cal/mol-K     cal/mol    cal/mol-K      cal/mol      cal/mol       cal/mol

     200.00     6.93940     1385.554    44.746834     7563.812      -711.672      9661.038
     298.15     6.95555     2067.224    47.519697    12100.774       -30.002     14198.000
     400.00     7.01595     2778.254    49.570802    17050.067       681.027     19147.294
     600.00     7.27590     4204.961    52.459644    27270.825      2107.735     29368.051
     800.00     7.60633     5693.216    54.598075    37985.244      3595.990     40082.471
    1000.00     7.89908     7244.685    56.327862    49083.178      5147.459     51180.404
    1200.00     8.13172     8848.854    57.789591    60498.656      6751.628     62595.882
    1400.00     8.30956    10493.735    59.057037    72186.117      8396.509     74283.343
    1600.00     8.44936    12170.155    60.176103    84111.610     10072.928     86208.836
    1800.00     8.56227    13871.694    61.178035    96248.768     11774.468     98345.994
    2000.00     8.65573    15593.770    62.085142   108576.515     13496.544    110673.741
    2200.00     8.73479    17333.030    62.913928   121077.612     15235.804    123174.838
    2400.00     8.80294    19086.962    63.676945   133737.707     16989.736    135834.933
    2600.00     8.86261    20853.641    64.383962   146544.662     18756.415    148641.888
    2800.00     8.91557    22631.559    65.042728   159488.079     20534.333    161585.305
    3000.00     8.96312    24419.510    65.659488   172558.955     22322.283    174656.181










   THERMODYNAMIC FUNCTIONS CALCULATED FROM COEFFICIENTS FOR Air         


      T         Cp        H-H298        S      -(G-H298)/T      H        delta Hf     log K
    deg-K    J/mol-K      kJ/mol     J/mol-K     J/mol-K     kJ/mol      kJ/mol

      0        0.         -8.649       0.        INFINITE     -8.775      -0.125    INFINITE
     200      29.034      -2.852     187.221     201.481      -2.978      -0.125      0.2789
     298.15   29.102       0.000     198.822     198.822      -0.126      -0.126      0.2681
     400      29.355       2.975     207.404     199.967       2.849      -0.126      0.2625
     600      30.442       8.944     219.491     204.584       8.819      -0.126      0.2570
     800      31.825      15.171     228.438     209.474      15.046      -0.126      0.2543
    1000      33.050      21.662     235.676     214.013      21.537      -0.126      0.2527

    1200      34.023      28.374     241.792     218.146      28.249      -0.126      0.2516
    1400      34.767      35.257     247.095     221.911      35.131      -0.127      0.2508
    1600      35.352      42.271     251.777     225.358      42.145      -0.127      0.2502
    1800      35.825      49.390     255.969     228.530      49.264      -0.127      0.2497
    2000      36.216      56.595     259.764     231.467      56.470      -0.127      0.2493

    2200      36.546      63.872     263.232     234.199      63.747      -0.128      0.2490
    2400      36.831      71.211     266.424     236.753      71.085      -0.128      0.2488
    2600      37.081      78.602     269.382     239.151      78.477      -0.128      0.2486
    2800      37.303      86.041     272.139     241.410      85.916      -0.129      0.2484
    3000      37.502      93.522     274.719     243.545      93.396      -0.129      0.2482











   THERMODYNAMIC FUNCTIONS CALCULATED FROM COEFFICIENTS FOR Air         


      T         Cp        H-H298        S      -(G-H298)/T      H        delta Hf     log K
    deg-K   cal/mol-K    kcal/mol   cal/mol-K   cal/mol-K    kcal/mol    kcal/mol

      0        0.         -2.067       0.        INFINITE     -2.097      -0.249    INFINITE
     200       6.939      -0.682      44.747      48.155      -0.712      -0.030      0.2789
     298.15    6.956       0.000      47.520      47.520      -0.030      -0.030      0.2681
     400       7.016       0.711      49.571      47.793       0.681      -0.030      0.2625
     600       7.276       2.138      52.460      48.897       2.108      -0.030      0.2570
     800       7.606       3.626      54.598      50.066       3.596      -0.030      0.2543
    1000       7.899       5.177      56.328      51.150       5.147      -0.030      0.2527

    1200       8.132       6.782      57.790      52.138       6.752      -0.030      0.2516
    1400       8.310       8.427      59.057      53.038       8.397      -0.030      0.2508
    1600       8.449      10.103      60.176      53.862      10.073      -0.030      0.2502
    1800       8.562      11.804      61.178      54.620      11.774      -0.030      0.2497
    2000       8.656      13.527      62.085      55.322      13.497      -0.030      0.2493

    2200       8.735      15.266      62.914      55.975      15.236      -0.031      0.2490
    2400       8.803      17.020      63.677      56.585      16.990      -0.031      0.2488
    2600       8.863      18.786      64.384      57.158      18.756      -0.031      0.2486
    2800       8.916      20.564      65.043      57.698      20.534      -0.031      0.2484
    3000       8.963      22.352      65.659      58.209      22.322      -0.031      0.2482







